<?xml version="1.0" encoding="UTF-8"?>
<!-- Generated by org.testng.reporters.JUnitReportReporter -->
<testsuite hostname="DESKTOP-ESBTML5" failures="0" tests="1" name="saad.ExtendReports.ExtendReportDemo" time="5.270" errors="0" timestamp="2024-01-06T19:31:32 IST" skipped="0">
  <testcase classname="saad.ExtendReports.ExtendReportDemo" name="initialDemo" time="5.270"/>
  <system-out/>
</testsuite> <!-- saad.ExtendReports.ExtendReportDemo -->
